<?xml version="1.0" encoding="UTF-8"?>
<testsuite name="ee.ut.math.tvt.salessystem.TestAddingNewItem" tests="1" skipped="0" failures="0" errors="0" timestamp="2023-11-14T12:35:44" hostname="DESKTOP-PNCPHDF" time="0.001">
  <properties/>
  <testcase name="Should show if a new item is saved through the DAO" classname="ee.ut.math.tvt.salessystem.TestAddingNewItem" time="0.001"/>
  <system-out><![CDATA[]]></system-out>
  <system-err><![CDATA[]]></system-err>
</testsuite>
