<?xml version="1.0" encoding="UTF-8"?>
<testsuite name="ee.ut.math.tvt.salessystem.Tests" tests="11" skipped="0" failures="0" errors="0" timestamp="2023-12-04T21:39:41" hostname="Bestseller.lan" time="0.776">
  <properties/>
  <testcase name="Checks that after canceling an order the quantities of the related StockItems are not changed" classname="ee.ut.math.tvt.salessystem.Tests" time="0.732"/>
  <testcase name="Should test if submitting a purchase makes a previousCart have accurate dates" classname="ee.ut.math.tvt.salessystem.Tests" time="0.007"/>
  <testcase name="Should show if adding an exiting item increases the stock quantity and if the saveStockItem method of the DAO is not called" classname="ee.ut.math.tvt.salessystem.Tests" time="0.006"/>
  <testcase name="testAddingItemsWithPositiveQuantity()" classname="ee.ut.math.tvt.salessystem.Tests" time="0.001"/>
  <testcase name="testAddingItemWithQuantitySumTooLarge()" classname="ee.ut.math.tvt.salessystem.Tests" time="0.003"/>
  <testcase name="Should test if submitting a purchase makes a previousCart item in history" classname="ee.ut.math.tvt.salessystem.Tests" time="0.003"/>
  <testcase name="Checks that canceling an order (with some items) and then submitting a new order (with some different items) only saves the items from the new order (with canceled items are discarded)" classname="ee.ut.math.tvt.salessystem.Tests" time="0.005"/>
  <testcase name="Should detect if submitting the purchase decreases StockItem quantity. Testing submitCurrentPurchase() method in class ShoppingCart." classname="ee.ut.math.tvt.salessystem.Tests" time="0.002"/>
  <testcase name="Submitting current purchase starts and commits transaction once and in correct order." classname="ee.ut.math.tvt.salessystem.Tests" time="0.006"/>
  <testcase name="testAddingItemWithNegativeQuantity()" classname="ee.ut.math.tvt.salessystem.Tests" time="0.002"/>
  <testcase name="Should show if a new item is saved through the DAO" classname="ee.ut.math.tvt.salessystem.Tests" time="0.001"/>
  <system-out><![CDATA[23:39:42.119 [Test worker] DEBUG ShoppingCart - Added name1with the quantity of 2
23:39:42.121 [Test worker] DEBUG ShoppingCart - Added name2with the quantity of 3
23:39:42.135 [Test worker] INFO  ShoppingCart - []
23:39:42.136 [Test worker] INFO  ShoppingCart - Purchase recorded
23:39:42.150 [Test worker] DEBUG ShoppingCart - Added Waterwith the quantity of 2
23:39:42.150 [Test worker] DEBUG ShoppingCart - Added Milkwith the quantity of 10
23:39:42.151 [Test worker] DEBUG ShoppingCart - Warehouse quantity updated
23:39:42.151 [Test worker] DEBUG ShoppingCart - Warehouse quantity updated
23:39:42.151 [Test worker] INFO  ShoppingCart - [SoldItem{id=1, name='Water'}, SoldItem{id=2, name='Milk'}]
23:39:42.151 [Test worker] INFO  ShoppingCart - Purchase recorded
23:39:42.156 [Test worker] DEBUG ShoppingCart - Added name1with the quantity of 2
23:39:42.156 [Test worker] DEBUG ShoppingCart - Added name2with the quantity of 3
23:39:42.156 [Test worker] DEBUG ShoppingCart - Added name3with the quantity of 1
23:39:42.157 [Test worker] DEBUG ShoppingCart - Added name4with the quantity of 2
23:39:42.157 [Test worker] DEBUG ShoppingCart - Warehouse quantity updated
23:39:42.157 [Test worker] DEBUG ShoppingCart - Warehouse quantity updated
23:39:42.157 [Test worker] INFO  ShoppingCart - [SoldItem{id=1, name='name3'}, SoldItem{id=2, name='name4'}]
23:39:42.157 [Test worker] INFO  ShoppingCart - Purchase recorded
23:39:42.160 [Test worker] DEBUG ShoppingCart - Added Waterwith the quantity of 2
23:39:42.160 [Test worker] DEBUG ShoppingCart - Added Milkwith the quantity of 10
23:39:42.161 [Test worker] DEBUG ShoppingCart - Warehouse quantity updated
23:39:42.161 [Test worker] DEBUG ShoppingCart - Warehouse quantity updated
23:39:42.161 [Test worker] INFO  ShoppingCart - [SoldItem{id=1, name='Water'}, SoldItem{id=2, name='Milk'}]
23:39:42.161 [Test worker] INFO  ShoppingCart - Purchase recorded
23:39:42.163 [Test worker] INFO  ShoppingCart - []
23:39:42.163 [Test worker] INFO  ShoppingCart - Purchase recorded
]]></system-out>
  <system-err><![CDATA[]]></system-err>
</testsuite>
