<?xml version="1.0" encoding="UTF-8"?>
<testsuite name="ee.ut.math.tvt.salessystem.TestAddingNewItem" tests="1" skipped="1" failures="0" errors="0" timestamp="2023-11-06T09:33:31" hostname="Kadis-Air.lan" time="0.0">
  <properties/>
  <testcase name="Should show if a new item is saved through the DAO" classname="ee.ut.math.tvt.salessystem.TestAddingNewItem" time="0.0">
    <skipped/>
  </testcase>
  <system-out><![CDATA[]]></system-out>
  <system-err><![CDATA[]]></system-err>
</testsuite>
