<?xml version="1.0" encoding="UTF-8"?>
<testsuite name="ee.ut.math.tvt.salessystem.TestAddingItemWithNegativeQuantity" tests="2" skipped="0" failures="0" errors="0" timestamp="2023-11-14T12:35:43" hostname="DESKTOP-PNCPHDF" time="0.272">
  <properties/>
  <testcase name="testAddingItemsWithPositiveQuantity()" classname="ee.ut.math.tvt.salessystem.TestAddingItemWithNegativeQuantity" time="0.268"/>
  <testcase name="testAddingItemWithNegativeQuantity()" classname="ee.ut.math.tvt.salessystem.TestAddingItemWithNegativeQuantity" time="0.003"/>
  <system-out><![CDATA[]]></system-out>
  <system-err><![CDATA[]]></system-err>
</testsuite>
